C:\ETTI\UNI\UIR\3 - FLICKR\APPS\FLICKSTAT\CALC-PROC\DEBUG\CALC-PROC.EXE.EMBED.MANIFEST
C:\ETTI\UNI\UIR\3 - FLICKR\APPS\FLICKSTAT\CALC-PROC\DEBUG\CALC-PROC.EXE.EMBED.MANIFEST.RES
C:\ETTI\UNI\UIR\3 - FLICKR\APPS\FLICKSTAT\CALC-PROC\DEBUG\CALC-PROC.EXE.INTERMEDIATE.MANIFEST
C:\ETTI\UNI\UIR\3 - FLICKR\APPS\FLICKSTAT\CALC-PROC\DEBUG\CALC-PROC.OBJ
C:\ETTI\UNI\UIR\3 - FLICKR\APPS\FLICKSTAT\CALC-PROC\DEBUG\CALC-PROC.PCH
C:\Etti\Uni\UIR\3 - Flickr\Apps\FlickStat\calc-proc\Debug\calc-proc_manifest.rc
C:\Etti\Uni\UIR\3 - Flickr\Apps\FlickStat\calc-proc\Debug\cl.command.1.tlog
C:\Etti\Uni\UIR\3 - Flickr\Apps\FlickStat\calc-proc\Debug\CL.read.1.tlog
C:\Etti\Uni\UIR\3 - Flickr\Apps\FlickStat\calc-proc\Debug\CL.write.1.tlog
C:\Etti\Uni\UIR\3 - Flickr\Apps\FlickStat\calc-proc\Debug\link.2712.read.1.tlog
C:\Etti\Uni\UIR\3 - Flickr\Apps\FlickStat\calc-proc\Debug\link.2712.write.1.tlog
C:\Etti\Uni\UIR\3 - Flickr\Apps\FlickStat\calc-proc\Debug\link.2712-cvtres.read.1.tlog
C:\Etti\Uni\UIR\3 - Flickr\Apps\FlickStat\calc-proc\Debug\link.2712-cvtres.write.1.tlog
C:\Etti\Uni\UIR\3 - Flickr\Apps\FlickStat\calc-proc\Debug\link.9256.read.1.tlog
C:\Etti\Uni\UIR\3 - Flickr\Apps\FlickStat\calc-proc\Debug\link.9256.write.1.tlog
C:\Etti\Uni\UIR\3 - Flickr\Apps\FlickStat\calc-proc\Debug\link.9256-cvtres.read.1.tlog
C:\Etti\Uni\UIR\3 - Flickr\Apps\FlickStat\calc-proc\Debug\link.9256-cvtres.write.1.tlog
C:\Etti\Uni\UIR\3 - Flickr\Apps\FlickStat\calc-proc\Debug\link.command.1.tlog
C:\Etti\Uni\UIR\3 - Flickr\Apps\FlickStat\calc-proc\Debug\link.read.1.tlog
C:\Etti\Uni\UIR\3 - Flickr\Apps\FlickStat\calc-proc\Debug\link.write.1.tlog
C:\Etti\Uni\UIR\3 - Flickr\Apps\FlickStat\calc-proc\Debug\link-cvtres.read.1.tlog
C:\Etti\Uni\UIR\3 - Flickr\Apps\FlickStat\calc-proc\Debug\link-cvtres.write.1.tlog
C:\Etti\Uni\UIR\3 - Flickr\Apps\FlickStat\calc-proc\Debug\mt.command.1.tlog
C:\Etti\Uni\UIR\3 - Flickr\Apps\FlickStat\calc-proc\Debug\mt.read.1.tlog
C:\Etti\Uni\UIR\3 - Flickr\Apps\FlickStat\calc-proc\Debug\mt.write.1.tlog
C:\Etti\Uni\UIR\3 - Flickr\Apps\FlickStat\calc-proc\Debug\rc.command.1.tlog
C:\Etti\Uni\UIR\3 - Flickr\Apps\FlickStat\calc-proc\Debug\rc.read.1.tlog
C:\Etti\Uni\UIR\3 - Flickr\Apps\FlickStat\calc-proc\Debug\rc.write.1.tlog
C:\ETTI\UNI\UIR\3 - FLICKR\APPS\FLICKSTAT\CALC-PROC\DEBUG\STDAFX.OBJ
C:\Etti\Uni\UIR\3 - Flickr\Apps\FlickStat\calc-proc\Debug\vc100.idb
C:\ETTI\UNI\UIR\3 - FLICKR\APPS\FLICKSTAT\CALC-PROC\DEBUG\VC100.PDB
C:\ETTI\UNI\UIR\3 - FLICKR\APPS\FLICKSTAT\DEBUG\CALC-PROC.EXE
C:\ETTI\UNI\UIR\3 - FLICKR\APPS\FLICKSTAT\DEBUG\CALC-PROC.ILK
C:\ETTI\UNI\UIR\3 - FLICKR\APPS\FLICKSTAT\DEBUG\CALC-PROC.PDB
