Build started 11.05.2012 13:02:06.
     1>Project "C:\Etti\Uni\UIR\3 - Flickr\Apps\FlickStat\co-train\co-train.vcxproj" on node 2 (build target(s)).
     1>InitializeBuildStatus:
         Creating "Debug\co-train.unsuccessfulbuild" because "AlwaysCreate" was specified.
       ClCompile:
         All outputs are up-to-date.
         C:\Program Files\Microsoft Visual Studio 10.0\VC\bin\CL.exe /c /I"C:\Etti\Uni\UIR\3 - Flickr\Apps\FlickStat\\include" /ZI /nologo /W3 /WX- /Od /Oy- /D WIN32 /D _DEBUG /D _CONSOLE /D _UNICODE /D UNICODE /Gm /EHsc /RTC1 /MDd /GS /fp:precise /Zc:wchar_t /Zc:forScope /Yu"StdAfx.h" /Fp"Debug\co-train.pch" /Fo"Debug\\" /Fd"Debug\vc100.pdb" /Gd /TP /analyze- /errorReport:prompt "co-train.cpp"
         co-train.cpp
     1>c:\etti\uni\uir\3 - flickr\apps\flickstat\co-train\co-train.cpp(43): warning C4996: 'fopen': This function or variable may be unsafe. Consider using fopen_s instead. To disable deprecation, use _CRT_SECURE_NO_WARNINGS. See online help for details.
                 c:\program files\microsoft visual studio 10.0\vc\include\stdio.h(234) : see declaration of 'fopen'
     1>c:\etti\uni\uir\3 - flickr\apps\flickstat\co-train\co-train.cpp(62): warning C4018: '<' : signed/unsigned mismatch
     1>c:\etti\uni\uir\3 - flickr\apps\flickstat\co-train\co-train.cpp(64): warning C4996: 'strtok': This function or variable may be unsafe. Consider using strtok_s instead. To disable deprecation, use _CRT_SECURE_NO_WARNINGS. See online help for details.
                 c:\program files\microsoft visual studio 10.0\vc\include\string.h(197) : see declaration of 'strtok'
     1>c:\etti\uni\uir\3 - flickr\apps\flickstat\co-train\co-train.cpp(69): warning C4996: 'strtok': This function or variable may be unsafe. Consider using strtok_s instead. To disable deprecation, use _CRT_SECURE_NO_WARNINGS. See online help for details.
                 c:\program files\microsoft visual studio 10.0\vc\include\string.h(197) : see declaration of 'strtok'
     1>c:\etti\uni\uir\3 - flickr\apps\flickstat\co-train\co-train.cpp(90): warning C4996: 'strtok': This function or variable may be unsafe. Consider using strtok_s instead. To disable deprecation, use _CRT_SECURE_NO_WARNINGS. See online help for details.
                 c:\program files\microsoft visual studio 10.0\vc\include\string.h(197) : see declaration of 'strtok'
     1>c:\etti\uni\uir\3 - flickr\apps\flickstat\co-train\co-train.cpp(100): warning C4996: 'strtok': This function or variable may be unsafe. Consider using strtok_s instead. To disable deprecation, use _CRT_SECURE_NO_WARNINGS. See online help for details.
                 c:\program files\microsoft visual studio 10.0\vc\include\string.h(197) : see declaration of 'strtok'
     1>c:\etti\uni\uir\3 - flickr\apps\flickstat\co-train\co-train.cpp(101): warning C4996: 'strtok': This function or variable may be unsafe. Consider using strtok_s instead. To disable deprecation, use _CRT_SECURE_NO_WARNINGS. See online help for details.
                 c:\program files\microsoft visual studio 10.0\vc\include\string.h(197) : see declaration of 'strtok'
     1>c:\etti\uni\uir\3 - flickr\apps\flickstat\co-train\co-train.cpp(182): warning C4996: 'fopen': This function or variable may be unsafe. Consider using fopen_s instead. To disable deprecation, use _CRT_SECURE_NO_WARNINGS. See online help for details.
                 c:\program files\microsoft visual studio 10.0\vc\include\stdio.h(234) : see declaration of 'fopen'
     1>c:\etti\uni\uir\3 - flickr\apps\flickstat\co-train\co-train.cpp(195): warning C4996: 'sscanf': This function or variable may be unsafe. Consider using sscanf_s instead. To disable deprecation, use _CRT_SECURE_NO_WARNINGS. See online help for details.
                 c:\program files\microsoft visual studio 10.0\vc\include\stdio.h(325) : see declaration of 'sscanf'
     1>c:\etti\uni\uir\3 - flickr\apps\flickstat\co-train\co-train.cpp(243): warning C4018: '<' : signed/unsigned mismatch
     1>c:\etti\uni\uir\3 - flickr\apps\flickstat\co-train\co-train.cpp(252): warning C4996: 'fopen': This function or variable may be unsafe. Consider using fopen_s instead. To disable deprecation, use _CRT_SECURE_NO_WARNINGS. See online help for details.
                 c:\program files\microsoft visual studio 10.0\vc\include\stdio.h(234) : see declaration of 'fopen'
     1>c:\etti\uni\uir\3 - flickr\apps\flickstat\co-train\co-train.cpp(255): warning C4018: '<' : signed/unsigned mismatch
     1>c:\etti\uni\uir\3 - flickr\apps\flickstat\co-train\co-train.cpp(279): warning C4146: unary minus operator applied to unsigned type, result still unsigned
     1>c:\etti\uni\uir\3 - flickr\apps\flickstat\co-train\co-train.cpp(297): warning C4996: 'fscanf': This function or variable may be unsafe. Consider using fscanf_s instead. To disable deprecation, use _CRT_SECURE_NO_WARNINGS. See online help for details.
                 c:\program files\microsoft visual studio 10.0\vc\include\stdio.h(253) : see declaration of 'fscanf'
     1>c:\etti\uni\uir\3 - flickr\apps\flickstat\co-train\co-train.cpp(315): warning C4244: '=' : conversion from 'double' to 'float', possible loss of data
     1>c:\etti\uni\uir\3 - flickr\apps\flickstat\co-train\co-train.cpp(322): warning C4244: '=' : conversion from 'double' to 'float', possible loss of data
     1>c:\etti\uni\uir\3 - flickr\apps\flickstat\co-train\co-train.cpp(323): warning C4244: '=' : conversion from 'double' to 'float', possible loss of data
     1>c:\etti\uni\uir\3 - flickr\apps\flickstat\co-train\co-train.cpp(365): warning C4996: 'fopen': This function or variable may be unsafe. Consider using fopen_s instead. To disable deprecation, use _CRT_SECURE_NO_WARNINGS. See online help for details.
                 c:\program files\microsoft visual studio 10.0\vc\include\stdio.h(234) : see declaration of 'fopen'
     1>c:\etti\uni\uir\3 - flickr\apps\flickstat\co-train\co-train.cpp(402): warning C4996: 'fopen': This function or variable may be unsafe. Consider using fopen_s instead. To disable deprecation, use _CRT_SECURE_NO_WARNINGS. See online help for details.
                 c:\program files\microsoft visual studio 10.0\vc\include\stdio.h(234) : see declaration of 'fopen'
     1>c:\etti\uni\uir\3 - flickr\apps\flickstat\co-train\co-train.cpp(403): warning C4996: 'fopen': This function or variable may be unsafe. Consider using fopen_s instead. To disable deprecation, use _CRT_SECURE_NO_WARNINGS. See online help for details.
                 c:\program files\microsoft visual studio 10.0\vc\include\stdio.h(234) : see declaration of 'fopen'
     1>c:\etti\uni\uir\3 - flickr\apps\flickstat\co-train\co-train.cpp(407): warning C4018: '<' : signed/unsigned mismatch
     1>c:\etti\uni\uir\3 - flickr\apps\flickstat\co-train\co-train.cpp(441): warning C4996: 'fopen': This function or variable may be unsafe. Consider using fopen_s instead. To disable deprecation, use _CRT_SECURE_NO_WARNINGS. See online help for details.
                 c:\program files\microsoft visual studio 10.0\vc\include\stdio.h(234) : see declaration of 'fopen'
     1>c:\etti\uni\uir\3 - flickr\apps\flickstat\co-train\co-train.cpp(442): warning C4996: 'fopen': This function or variable may be unsafe. Consider using fopen_s instead. To disable deprecation, use _CRT_SECURE_NO_WARNINGS. See online help for details.
                 c:\program files\microsoft visual studio 10.0\vc\include\stdio.h(234) : see declaration of 'fopen'
     1>c:\etti\uni\uir\3 - flickr\apps\flickstat\co-train\co-train.cpp(492): warning C4996: 'wcstombs': This function or variable may be unsafe. Consider using wcstombs_s instead. To disable deprecation, use _CRT_SECURE_NO_WARNINGS. See online help for details.
                 c:\program files\microsoft visual studio 10.0\vc\include\stdlib.h(533) : see declaration of 'wcstombs'
     1>c:\etti\uni\uir\3 - flickr\apps\flickstat\co-train\co-train.cpp(493): warning C4996: 'wcstombs': This function or variable may be unsafe. Consider using wcstombs_s instead. To disable deprecation, use _CRT_SECURE_NO_WARNINGS. See online help for details.
                 c:\program files\microsoft visual studio 10.0\vc\include\stdlib.h(533) : see declaration of 'wcstombs'
     1>c:\etti\uni\uir\3 - flickr\apps\flickstat\co-train\co-train.cpp(494): warning C4996: 'swscanf': This function or variable may be unsafe. Consider using swscanf_s instead. To disable deprecation, use _CRT_SECURE_NO_WARNINGS. See online help for details.
                 c:\program files\microsoft visual studio 10.0\vc\include\stdio.h(582) : see declaration of 'swscanf'
     1>c:\etti\uni\uir\3 - flickr\apps\flickstat\co-train\co-train.cpp(495): warning C4996: 'swscanf': This function or variable may be unsafe. Consider using swscanf_s instead. To disable deprecation, use _CRT_SECURE_NO_WARNINGS. See online help for details.
                 c:\program files\microsoft visual studio 10.0\vc\include\stdio.h(582) : see declaration of 'swscanf'
     1>c:\etti\uni\uir\3 - flickr\apps\flickstat\co-train\co-train.cpp(496): warning C4996: 'swscanf': This function or variable may be unsafe. Consider using swscanf_s instead. To disable deprecation, use _CRT_SECURE_NO_WARNINGS. See online help for details.
                 c:\program files\microsoft visual studio 10.0\vc\include\stdio.h(582) : see declaration of 'swscanf'
     1>c:\etti\uni\uir\3 - flickr\apps\flickstat\co-train\co-train.cpp(499): warning C4996: 'fopen': This function or variable may be unsafe. Consider using fopen_s instead. To disable deprecation, use _CRT_SECURE_NO_WARNINGS. See online help for details.
                 c:\program files\microsoft visual studio 10.0\vc\include\stdio.h(234) : see declaration of 'fopen'
     1>c:\etti\uni\uir\3 - flickr\apps\flickstat\co-train\co-train.cpp(500): warning C4996: 'unlink': The POSIX name for this item is deprecated. Instead, use the ISO C++ conformant name: _unlink. See online help for details.
                 c:\program files\microsoft visual studio 10.0\vc\include\stdio.h(299) : see declaration of 'unlink'
     1>c:\etti\uni\uir\3 - flickr\apps\flickstat\co-train\co-train.cpp(517): warning C4018: '<' : signed/unsigned mismatch
     1>c:\etti\uni\uir\3 - flickr\apps\flickstat\co-train\co-train.cpp(537): warning C4018: '<=' : signed/unsigned mismatch
       ManifestResourceCompile:
         All outputs are up-to-date.
       Link:
         C:\Program Files\Microsoft Visual Studio 10.0\VC\bin\link.exe /ERRORREPORT:PROMPT /OUT:"C:\Etti\Uni\UIR\3 - Flickr\Apps\FlickStat\Debug\co-train.exe" /INCREMENTAL /NOLOGO kernel32.lib user32.lib gdi32.lib winspool.lib comdlg32.lib advapi32.lib shell32.lib ole32.lib oleaut32.lib uuid.lib odbc32.lib odbccp32.lib /MANIFEST /ManifestFile:"Debug\co-train.exe.intermediate.manifest" /MANIFESTUAC:"level='asInvoker' uiAccess='false'" /DEBUG /PDB:"C:\Etti\Uni\UIR\3 - Flickr\Apps\FlickStat\Debug\co-train.pdb" /SUBSYSTEM:CONSOLE /TLBID:1 /DYNAMICBASE /NXCOMPAT /IMPLIB:"C:\Etti\Uni\UIR\3 - Flickr\Apps\FlickStat\Debug\co-train.lib" /MACHINE:X86 "Debug\co-train.exe.embed.manifest.res"
         "Debug\co-train.obj"
         Debug\stdafx.obj
         Debug\svm.obj
       Manifest:
         C:\Program Files\Microsoft SDKs\Windows\v7.0A\bin\mt.exe /nologo /verbose /out:"Debug\co-train.exe.embed.manifest" /manifest "Debug\co-train.exe.intermediate.manifest"
         All outputs are up-to-date.
       LinkEmbedManifest:
         All outputs are up-to-date.
         co-train.vcxproj -> C:\Etti\Uni\UIR\3 - Flickr\Apps\FlickStat\Debug\co-train.exe
       FinalizeBuildStatus:
         Deleting file "Debug\co-train.unsuccessfulbuild".
         Touching "Debug\co-train.lastbuildstate".
     1>Done Building Project "C:\Etti\Uni\UIR\3 - Flickr\Apps\FlickStat\co-train\co-train.vcxproj" (build target(s)).

Build succeeded.

Time Elapsed 00:00:06.37
