C:\Etti\Uni\UIR\3 - Flickr\Apps\FlickStat\co-train\Debug\cl.command.1.tlog
C:\Etti\Uni\UIR\3 - Flickr\Apps\FlickStat\co-train\Debug\CL.read.1.tlog
C:\Etti\Uni\UIR\3 - Flickr\Apps\FlickStat\co-train\Debug\CL.write.1.tlog
C:\ETTI\UNI\UIR\3 - FLICKR\APPS\FLICKSTAT\CO-TRAIN\DEBUG\CO-TRAIN.EXE.EMBED.MANIFEST
C:\ETTI\UNI\UIR\3 - FLICKR\APPS\FLICKSTAT\CO-TRAIN\DEBUG\CO-TRAIN.EXE.EMBED.MANIFEST.RES
C:\ETTI\UNI\UIR\3 - FLICKR\APPS\FLICKSTAT\CO-TRAIN\DEBUG\CO-TRAIN.EXE.INTERMEDIATE.MANIFEST
C:\ETTI\UNI\UIR\3 - FLICKR\APPS\FLICKSTAT\CO-TRAIN\DEBUG\CO-TRAIN.OBJ
C:\ETTI\UNI\UIR\3 - FLICKR\APPS\FLICKSTAT\CO-TRAIN\DEBUG\CO-TRAIN.PCH
C:\Etti\Uni\UIR\3 - Flickr\Apps\FlickStat\co-train\Debug\co-train_manifest.rc
C:\Etti\Uni\UIR\3 - Flickr\Apps\FlickStat\co-train\Debug\link.command.1.tlog
C:\Etti\Uni\UIR\3 - Flickr\Apps\FlickStat\co-train\Debug\link.read.1.tlog
C:\Etti\Uni\UIR\3 - Flickr\Apps\FlickStat\co-train\Debug\link.write.1.tlog
C:\Etti\Uni\UIR\3 - Flickr\Apps\FlickStat\co-train\Debug\link-cvtres.read.1.tlog
C:\Etti\Uni\UIR\3 - Flickr\Apps\FlickStat\co-train\Debug\link-cvtres.write.1.tlog
C:\Etti\Uni\UIR\3 - Flickr\Apps\FlickStat\co-train\Debug\mt.command.1.tlog
C:\Etti\Uni\UIR\3 - Flickr\Apps\FlickStat\co-train\Debug\mt.read.1.tlog
C:\Etti\Uni\UIR\3 - Flickr\Apps\FlickStat\co-train\Debug\mt.write.1.tlog
C:\Etti\Uni\UIR\3 - Flickr\Apps\FlickStat\co-train\Debug\rc.command.1.tlog
C:\Etti\Uni\UIR\3 - Flickr\Apps\FlickStat\co-train\Debug\rc.read.1.tlog
C:\Etti\Uni\UIR\3 - Flickr\Apps\FlickStat\co-train\Debug\rc.write.1.tlog
C:\ETTI\UNI\UIR\3 - FLICKR\APPS\FLICKSTAT\CO-TRAIN\DEBUG\STDAFX.OBJ
C:\ETTI\UNI\UIR\3 - FLICKR\APPS\FLICKSTAT\CO-TRAIN\DEBUG\SVM.OBJ
C:\Etti\Uni\UIR\3 - Flickr\Apps\FlickStat\co-train\Debug\vc100.idb
C:\ETTI\UNI\UIR\3 - FLICKR\APPS\FLICKSTAT\CO-TRAIN\DEBUG\VC100.PDB
C:\ETTI\UNI\UIR\3 - FLICKR\APPS\FLICKSTAT\DEBUG\CO-TRAIN.EXE
C:\ETTI\UNI\UIR\3 - FLICKR\APPS\FLICKSTAT\DEBUG\CO-TRAIN.ILK
C:\ETTI\UNI\UIR\3 - FLICKR\APPS\FLICKSTAT\DEBUG\CO-TRAIN.PDB
