Build started 06.03.2012 12:08:14.
     1>Project "C:\Etti\Uni\UIR\3 - Flickr\Apps\FlickStat\FlickStat\FlickStat.vcxproj" on node 2 (rebuild target(s)).
     1>_PrepareForClean:
         Deleting file "Release\FlickStat.lastbuildstate".
       InitializeBuildStatus:
         Touching "Release\FlickStat.unsuccessfulbuild".
       ClCompile:
         C:\Program Files\Microsoft Visual Studio 10.0\VC\bin\CL.exe /c /I"C:\Etti\Uni\UIR\3 - Flickr\Apps\FlickStat\\include" /Zi /nologo /W3 /WX- /O2 /Oi /Oy- /GL /D WIN32 /D NDEBUG /D _WINDOWS /D _USRDLL /D FLICKSTAT_EXPORTS /D _WINDLL /D _UNICODE /D UNICODE /Gm- /EHsc /MD /GS /Gy /fp:precise /Zc:wchar_t /Zc:forScope /Fo"Release\\" /Fd"Release\vc100.pdb" /Gd /TP /analyze- /errorReport:prompt Core.cpp DataThread.cpp ImageProcessor.cpp StatisticsProcessor.cpp WebThread.cpp
         Core.cpp
     1>C:\Etti\Uni\UIR\3 - Flickr\Apps\FlickStat\include\flickcurl.h(2175): warning C4141: 'dllimport' : used more than once
     1>c:\etti\uni\uir\3 - flickr\apps\flickstat\flickstat\WebThread.h(26): warning C4091: 'typedef ' : ignored on left of 'WebThread::CacheItem' when no variable is declared
     1>Core.cpp(386): warning C4482: nonstandard extension used: enum 'FlickStat::SortType' used in qualified name
         DataThread.cpp
         ImageProcessor.cpp
     1>C:\Etti\Uni\UIR\3 - Flickr\Apps\FlickStat\include\flickcurl.h(2175): warning C4141: 'dllimport' : used more than once
     1>c:\etti\uni\uir\3 - flickr\apps\flickstat\flickstat\WebThread.h(26): warning C4091: 'typedef ' : ignored on left of 'WebThread::CacheItem' when no variable is declared
     1>ImageProcessor.cpp(18): warning C4996: 'fopen': This function or variable may be unsafe. Consider using fopen_s instead. To disable deprecation, use _CRT_SECURE_NO_WARNINGS. See online help for details.
                 C:\Program Files\Microsoft Visual Studio 10.0\VC\include\stdio.h(234) : see declaration of 'fopen'
     1>ImageProcessor.cpp(37): warning C4996: 'fopen': This function or variable may be unsafe. Consider using fopen_s instead. To disable deprecation, use _CRT_SECURE_NO_WARNINGS. See online help for details.
                 C:\Program Files\Microsoft Visual Studio 10.0\VC\include\stdio.h(234) : see declaration of 'fopen'
         StatisticsProcessor.cpp
     1>C:\Etti\Uni\UIR\3 - Flickr\Apps\FlickStat\include\flickcurl.h(2175): warning C4141: 'dllimport' : used more than once
         WebThread.cpp
     1>C:\Etti\Uni\UIR\3 - Flickr\Apps\FlickStat\include\flickcurl.h(2175): warning C4141: 'dllimport' : used more than once
     1>c:\etti\uni\uir\3 - flickr\apps\flickstat\flickstat\WebThread.h(26): warning C4091: 'typedef ' : ignored on left of 'WebThread::CacheItem' when no variable is declared
     1>WebThread.cpp(420): warning C4018: '<' : signed/unsigned mismatch
     1>WebThread.cpp(507): warning C4996: 'itoa': The POSIX name for this item is deprecated. Instead, use the ISO C++ conformant name: _itoa. See online help for details.
                 C:\Program Files\Microsoft Visual Studio 10.0\VC\include\stdlib.h(867) : see declaration of 'itoa'
     1>WebThread.cpp(515): warning C4996: 'fopen': This function or variable may be unsafe. Consider using fopen_s instead. To disable deprecation, use _CRT_SECURE_NO_WARNINGS. See online help for details.
                 C:\Program Files\Microsoft Visual Studio 10.0\VC\include\stdio.h(234) : see declaration of 'fopen'
     1>WebThread.cpp(644): warning C4018: '<' : signed/unsigned mismatch
       Link:
         C:\Program Files\Microsoft Visual Studio 10.0\VC\bin\link.exe /ERRORREPORT:PROMPT /OUT:"C:\Etti\Uni\UIR\3 - Flickr\Apps\FlickStat\Release\FlickStat.dll" /INCREMENTAL:NO /NOLOGO /LIBPATH:"C:\Etti\Uni\UIR\3 - Flickr\Apps\FlickStat\\lib" curllib.lib libcflick.lib libxml2.lib SharpnessProc.dllkernel32.lib user32.lib gdi32.lib winspool.lib comdlg32.lib advapi32.lib shell32.lib ole32.lib oleaut32.lib uuid.lib odbc32.lib odbccp32.lib /MANIFEST /ManifestFile:"Release\FlickStat.dll.intermediate.manifest" /MANIFESTUAC:"level='asInvoker' uiAccess='false'" /DEBUG /PDB:"C:\Etti\Uni\UIR\3 - Flickr\Apps\FlickStat\Release\FlickStat.pdb" /SUBSYSTEM:WINDOWS /OPT:REF /OPT:ICF /LTCG /TLBID:1 /DYNAMICBASE /NXCOMPAT /IMPLIB:"C:\Etti\Uni\UIR\3 - Flickr\Apps\FlickStat\Release\FlickStat.lib" /MACHINE:X86 /DLL Release\Core.obj
         Release\DataThread.obj
         Release\ImageProcessor.obj
         Release\StatisticsProcessor.obj
         Release\WebThread.obj
     1>LINK : fatal error LNK1181: cannot open input file 'SharpnessProc.dllkernel32.lib'
     1>Done Building Project "C:\Etti\Uni\UIR\3 - Flickr\Apps\FlickStat\FlickStat\FlickStat.vcxproj" (rebuild target(s)) -- FAILED.

Build FAILED.

Time Elapsed 00:00:04.56
