C:\ETTI\UNI\UIR\3 - FLICKR\APPS\FLICKSTAT\DEBUG\FLICKSTAT.DLL
C:\Etti\Uni\UIR\3 - Flickr\Apps\FlickStat\Debug\FlickStat.exp
C:\ETTI\UNI\UIR\3 - FLICKR\APPS\FLICKSTAT\DEBUG\FLICKSTAT.ILK
C:\Etti\Uni\UIR\3 - Flickr\Apps\FlickStat\Debug\FlickStat.lib
C:\ETTI\UNI\UIR\3 - FLICKR\APPS\FLICKSTAT\DEBUG\FLICKSTAT.PDB
C:\Etti\Uni\UIR\3 - Flickr\Apps\FlickStat\FlickStat\Debug\cl.command.1.tlog
C:\Etti\Uni\UIR\3 - Flickr\Apps\FlickStat\FlickStat\Debug\CL.read.1.tlog
C:\Etti\Uni\UIR\3 - Flickr\Apps\FlickStat\FlickStat\Debug\CL.write.1.tlog
C:\ETTI\UNI\UIR\3 - FLICKR\APPS\FLICKSTAT\FLICKSTAT\DEBUG\CORE.OBJ
C:\ETTI\UNI\UIR\3 - FLICKR\APPS\FLICKSTAT\FLICKSTAT\DEBUG\DATATHREAD.OBJ
C:\ETTI\UNI\UIR\3 - FLICKR\APPS\FLICKSTAT\FLICKSTAT\DEBUG\FLICKSTAT.DLL.EMBED.MANIFEST
C:\ETTI\UNI\UIR\3 - FLICKR\APPS\FLICKSTAT\FLICKSTAT\DEBUG\FLICKSTAT.DLL.EMBED.MANIFEST.RES
C:\ETTI\UNI\UIR\3 - FLICKR\APPS\FLICKSTAT\FLICKSTAT\DEBUG\FLICKSTAT.DLL.INTERMEDIATE.MANIFEST
C:\Etti\Uni\UIR\3 - Flickr\Apps\FlickStat\FlickStat\Debug\FlickStat.write.1.tlog
C:\Etti\Uni\UIR\3 - Flickr\Apps\FlickStat\FlickStat\Debug\FlickStat_manifest.rc
C:\ETTI\UNI\UIR\3 - FLICKR\APPS\FLICKSTAT\FLICKSTAT\DEBUG\IMAGEPROCESSOR.OBJ
C:\Etti\Uni\UIR\3 - Flickr\Apps\FlickStat\FlickStat\Debug\link.command.1.tlog
C:\Etti\Uni\UIR\3 - Flickr\Apps\FlickStat\FlickStat\Debug\link.read.1.tlog
C:\Etti\Uni\UIR\3 - Flickr\Apps\FlickStat\FlickStat\Debug\link.write.1.tlog
C:\Etti\Uni\UIR\3 - Flickr\Apps\FlickStat\FlickStat\Debug\link-cvtres.read.1.tlog
C:\Etti\Uni\UIR\3 - Flickr\Apps\FlickStat\FlickStat\Debug\link-cvtres.write.1.tlog
C:\Etti\Uni\UIR\3 - Flickr\Apps\FlickStat\FlickStat\Debug\mt.command.1.tlog
C:\Etti\Uni\UIR\3 - Flickr\Apps\FlickStat\FlickStat\Debug\mt.read.1.tlog
C:\Etti\Uni\UIR\3 - Flickr\Apps\FlickStat\FlickStat\Debug\mt.write.1.tlog
C:\Etti\Uni\UIR\3 - Flickr\Apps\FlickStat\FlickStat\Debug\rc.command.1.tlog
C:\Etti\Uni\UIR\3 - Flickr\Apps\FlickStat\FlickStat\Debug\rc.read.1.tlog
C:\Etti\Uni\UIR\3 - Flickr\Apps\FlickStat\FlickStat\Debug\rc.write.1.tlog
C:\ETTI\UNI\UIR\3 - FLICKR\APPS\FLICKSTAT\FLICKSTAT\DEBUG\STATISTICSPROCESSOR.OBJ
C:\Etti\Uni\UIR\3 - Flickr\Apps\FlickStat\FlickStat\Debug\vc100.idb
C:\ETTI\UNI\UIR\3 - FLICKR\APPS\FLICKSTAT\FLICKSTAT\DEBUG\VC100.PDB
C:\ETTI\UNI\UIR\3 - FLICKR\APPS\FLICKSTAT\FLICKSTAT\DEBUG\WEBTHREAD.OBJ
