C:\Etti\Uni\UIR\3 - Flickr\Apps\FlickStat\comp-kernel\Debug\cl.command.1.tlog
C:\Etti\Uni\UIR\3 - Flickr\Apps\FlickStat\comp-kernel\Debug\CL.read.1.tlog
C:\Etti\Uni\UIR\3 - Flickr\Apps\FlickStat\comp-kernel\Debug\CL.write.1.tlog
C:\ETTI\UNI\UIR\3 - FLICKR\APPS\FLICKSTAT\COMP-KERNEL\DEBUG\COMP-KERNEL.EXE.EMBED.MANIFEST
C:\ETTI\UNI\UIR\3 - FLICKR\APPS\FLICKSTAT\COMP-KERNEL\DEBUG\COMP-KERNEL.EXE.EMBED.MANIFEST.RES
C:\ETTI\UNI\UIR\3 - FLICKR\APPS\FLICKSTAT\COMP-KERNEL\DEBUG\COMP-KERNEL.EXE.INTERMEDIATE.MANIFEST
C:\ETTI\UNI\UIR\3 - FLICKR\APPS\FLICKSTAT\COMP-KERNEL\DEBUG\COMP-KERNEL.OBJ
C:\ETTI\UNI\UIR\3 - FLICKR\APPS\FLICKSTAT\COMP-KERNEL\DEBUG\COMP-KERNEL.PCH
C:\Etti\Uni\UIR\3 - Flickr\Apps\FlickStat\comp-kernel\Debug\comp-kernel_manifest.rc
C:\Etti\Uni\UIR\3 - Flickr\Apps\FlickStat\comp-kernel\Debug\link.1148.read.1.tlog
C:\Etti\Uni\UIR\3 - Flickr\Apps\FlickStat\comp-kernel\Debug\link.1148.write.1.tlog
C:\Etti\Uni\UIR\3 - Flickr\Apps\FlickStat\comp-kernel\Debug\link.1148-cvtres.read.1.tlog
C:\Etti\Uni\UIR\3 - Flickr\Apps\FlickStat\comp-kernel\Debug\link.1148-cvtres.write.1.tlog
C:\Etti\Uni\UIR\3 - Flickr\Apps\FlickStat\comp-kernel\Debug\link.1672.read.1.tlog
C:\Etti\Uni\UIR\3 - Flickr\Apps\FlickStat\comp-kernel\Debug\link.1672.write.1.tlog
C:\Etti\Uni\UIR\3 - Flickr\Apps\FlickStat\comp-kernel\Debug\link.1672-cvtres.read.1.tlog
C:\Etti\Uni\UIR\3 - Flickr\Apps\FlickStat\comp-kernel\Debug\link.1672-cvtres.write.1.tlog
C:\Etti\Uni\UIR\3 - Flickr\Apps\FlickStat\comp-kernel\Debug\link.3756.read.1.tlog
C:\Etti\Uni\UIR\3 - Flickr\Apps\FlickStat\comp-kernel\Debug\link.3756.write.1.tlog
C:\Etti\Uni\UIR\3 - Flickr\Apps\FlickStat\comp-kernel\Debug\link.3756-cvtres.read.1.tlog
C:\Etti\Uni\UIR\3 - Flickr\Apps\FlickStat\comp-kernel\Debug\link.3756-cvtres.write.1.tlog
C:\Etti\Uni\UIR\3 - Flickr\Apps\FlickStat\comp-kernel\Debug\link.command.1.tlog
C:\Etti\Uni\UIR\3 - Flickr\Apps\FlickStat\comp-kernel\Debug\link.read.1.tlog
C:\Etti\Uni\UIR\3 - Flickr\Apps\FlickStat\comp-kernel\Debug\link.write.1.tlog
C:\Etti\Uni\UIR\3 - Flickr\Apps\FlickStat\comp-kernel\Debug\link-cvtres.read.1.tlog
C:\Etti\Uni\UIR\3 - Flickr\Apps\FlickStat\comp-kernel\Debug\link-cvtres.write.1.tlog
C:\Etti\Uni\UIR\3 - Flickr\Apps\FlickStat\comp-kernel\Debug\mt.command.1.tlog
C:\Etti\Uni\UIR\3 - Flickr\Apps\FlickStat\comp-kernel\Debug\mt.read.1.tlog
C:\Etti\Uni\UIR\3 - Flickr\Apps\FlickStat\comp-kernel\Debug\mt.write.1.tlog
C:\Etti\Uni\UIR\3 - Flickr\Apps\FlickStat\comp-kernel\Debug\rc.command.1.tlog
C:\Etti\Uni\UIR\3 - Flickr\Apps\FlickStat\comp-kernel\Debug\rc.read.1.tlog
C:\Etti\Uni\UIR\3 - Flickr\Apps\FlickStat\comp-kernel\Debug\rc.write.1.tlog
C:\ETTI\UNI\UIR\3 - FLICKR\APPS\FLICKSTAT\COMP-KERNEL\DEBUG\STDAFX.OBJ
C:\Etti\Uni\UIR\3 - Flickr\Apps\FlickStat\comp-kernel\Debug\vc100.idb
C:\ETTI\UNI\UIR\3 - FLICKR\APPS\FLICKSTAT\COMP-KERNEL\DEBUG\VC100.PDB
C:\ETTI\UNI\UIR\3 - FLICKR\APPS\FLICKSTAT\DEBUG\COMP-KERNEL.EXE
C:\ETTI\UNI\UIR\3 - FLICKR\APPS\FLICKSTAT\DEBUG\COMP-KERNEL.ILK
C:\ETTI\UNI\UIR\3 - FLICKR\APPS\FLICKSTAT\DEBUG\COMP-KERNEL.PDB
