C:\ETTI\UNI\UIR\3 - FLICKR\APPS\FLICKSTAT\DEBUG\SELF-TRAIN.EXE
C:\ETTI\UNI\UIR\3 - FLICKR\APPS\FLICKSTAT\DEBUG\SELF-TRAIN.ILK
C:\ETTI\UNI\UIR\3 - FLICKR\APPS\FLICKSTAT\DEBUG\SELF-TRAIN.PDB
C:\Etti\Uni\UIR\3 - Flickr\Apps\FlickStat\self-train\Debug\cl.command.1.tlog
C:\Etti\Uni\UIR\3 - Flickr\Apps\FlickStat\self-train\Debug\CL.read.1.tlog
C:\Etti\Uni\UIR\3 - Flickr\Apps\FlickStat\self-train\Debug\CL.write.1.tlog
C:\Etti\Uni\UIR\3 - Flickr\Apps\FlickStat\self-train\Debug\link.8976.read.1.tlog
C:\Etti\Uni\UIR\3 - Flickr\Apps\FlickStat\self-train\Debug\link.8976.write.1.tlog
C:\Etti\Uni\UIR\3 - Flickr\Apps\FlickStat\self-train\Debug\link.8976-cvtres.read.1.tlog
C:\Etti\Uni\UIR\3 - Flickr\Apps\FlickStat\self-train\Debug\link.8976-cvtres.write.1.tlog
C:\Etti\Uni\UIR\3 - Flickr\Apps\FlickStat\self-train\Debug\link.command.1.tlog
C:\Etti\Uni\UIR\3 - Flickr\Apps\FlickStat\self-train\Debug\link.read.1.tlog
C:\Etti\Uni\UIR\3 - Flickr\Apps\FlickStat\self-train\Debug\link.write.1.tlog
C:\Etti\Uni\UIR\3 - Flickr\Apps\FlickStat\self-train\Debug\link-cvtres.read.1.tlog
C:\Etti\Uni\UIR\3 - Flickr\Apps\FlickStat\self-train\Debug\link-cvtres.write.1.tlog
C:\Etti\Uni\UIR\3 - Flickr\Apps\FlickStat\self-train\Debug\mt.command.1.tlog
C:\Etti\Uni\UIR\3 - Flickr\Apps\FlickStat\self-train\Debug\mt.read.1.tlog
C:\Etti\Uni\UIR\3 - Flickr\Apps\FlickStat\self-train\Debug\mt.write.1.tlog
C:\Etti\Uni\UIR\3 - Flickr\Apps\FlickStat\self-train\Debug\rc.command.1.tlog
C:\Etti\Uni\UIR\3 - Flickr\Apps\FlickStat\self-train\Debug\rc.read.1.tlog
C:\Etti\Uni\UIR\3 - Flickr\Apps\FlickStat\self-train\Debug\rc.write.1.tlog
C:\ETTI\UNI\UIR\3 - FLICKR\APPS\FLICKSTAT\SELF-TRAIN\DEBUG\SELF-TRAIN.EXE.EMBED.MANIFEST
C:\ETTI\UNI\UIR\3 - FLICKR\APPS\FLICKSTAT\SELF-TRAIN\DEBUG\SELF-TRAIN.EXE.EMBED.MANIFEST.RES
C:\ETTI\UNI\UIR\3 - FLICKR\APPS\FLICKSTAT\SELF-TRAIN\DEBUG\SELF-TRAIN.EXE.INTERMEDIATE.MANIFEST
C:\ETTI\UNI\UIR\3 - FLICKR\APPS\FLICKSTAT\SELF-TRAIN\DEBUG\SELF-TRAIN.OBJ
C:\ETTI\UNI\UIR\3 - FLICKR\APPS\FLICKSTAT\SELF-TRAIN\DEBUG\SELF-TRAIN.PCH
C:\Etti\Uni\UIR\3 - Flickr\Apps\FlickStat\self-train\Debug\self-train_manifest.rc
C:\ETTI\UNI\UIR\3 - FLICKR\APPS\FLICKSTAT\SELF-TRAIN\DEBUG\STDAFX.OBJ
C:\Etti\Uni\UIR\3 - Flickr\Apps\FlickStat\self-train\Debug\vc100.idb
C:\ETTI\UNI\UIR\3 - FLICKR\APPS\FLICKSTAT\SELF-TRAIN\DEBUG\VC100.PDB
