C:\ETTI\UNI\UIR\3 - FLICKR\APPS\FLICKSTAT\DEBUG\FS-SELF-TRAIN.EXE
C:\ETTI\UNI\UIR\3 - FLICKR\APPS\FLICKSTAT\DEBUG\FS-SELF-TRAIN.ILK
C:\ETTI\UNI\UIR\3 - FLICKR\APPS\FLICKSTAT\DEBUG\FS-SELF-TRAIN.PDB
C:\Etti\Uni\UIR\3 - Flickr\Apps\FlickStat\fs-self-train\Debug\cl.command.1.tlog
C:\Etti\Uni\UIR\3 - Flickr\Apps\FlickStat\fs-self-train\Debug\CL.read.1.tlog
C:\Etti\Uni\UIR\3 - Flickr\Apps\FlickStat\fs-self-train\Debug\CL.write.1.tlog
C:\ETTI\UNI\UIR\3 - FLICKR\APPS\FLICKSTAT\FS-SELF-TRAIN\DEBUG\FS-SELF-TRAIN.EXE.EMBED.MANIFEST
C:\ETTI\UNI\UIR\3 - FLICKR\APPS\FLICKSTAT\FS-SELF-TRAIN\DEBUG\FS-SELF-TRAIN.EXE.EMBED.MANIFEST.RES
C:\ETTI\UNI\UIR\3 - FLICKR\APPS\FLICKSTAT\FS-SELF-TRAIN\DEBUG\FS-SELF-TRAIN.EXE.INTERMEDIATE.MANIFEST
C:\ETTI\UNI\UIR\3 - FLICKR\APPS\FLICKSTAT\FS-SELF-TRAIN\DEBUG\FS-SELF-TRAIN.OBJ
C:\ETTI\UNI\UIR\3 - FLICKR\APPS\FLICKSTAT\FS-SELF-TRAIN\DEBUG\FS-SELF-TRAIN.PCH
C:\Etti\Uni\UIR\3 - Flickr\Apps\FlickStat\fs-self-train\Debug\fs-self-train_manifest.rc
C:\Etti\Uni\UIR\3 - Flickr\Apps\FlickStat\fs-self-train\Debug\link.10188.read.1.tlog
C:\Etti\Uni\UIR\3 - Flickr\Apps\FlickStat\fs-self-train\Debug\link.10188.write.1.tlog
C:\Etti\Uni\UIR\3 - Flickr\Apps\FlickStat\fs-self-train\Debug\link.10188-cvtres.read.1.tlog
C:\Etti\Uni\UIR\3 - Flickr\Apps\FlickStat\fs-self-train\Debug\link.10188-cvtres.write.1.tlog
C:\Etti\Uni\UIR\3 - Flickr\Apps\FlickStat\fs-self-train\Debug\link.2132.read.1.tlog
C:\Etti\Uni\UIR\3 - Flickr\Apps\FlickStat\fs-self-train\Debug\link.2132.write.1.tlog
C:\Etti\Uni\UIR\3 - Flickr\Apps\FlickStat\fs-self-train\Debug\link.2132-cvtres.read.1.tlog
C:\Etti\Uni\UIR\3 - Flickr\Apps\FlickStat\fs-self-train\Debug\link.2132-cvtres.write.1.tlog
C:\Etti\Uni\UIR\3 - Flickr\Apps\FlickStat\fs-self-train\Debug\link.2868.read.1.tlog
C:\Etti\Uni\UIR\3 - Flickr\Apps\FlickStat\fs-self-train\Debug\link.2868.write.1.tlog
C:\Etti\Uni\UIR\3 - Flickr\Apps\FlickStat\fs-self-train\Debug\link.2868-cvtres.read.1.tlog
C:\Etti\Uni\UIR\3 - Flickr\Apps\FlickStat\fs-self-train\Debug\link.2868-cvtres.write.1.tlog
C:\Etti\Uni\UIR\3 - Flickr\Apps\FlickStat\fs-self-train\Debug\link.4652.read.1.tlog
C:\Etti\Uni\UIR\3 - Flickr\Apps\FlickStat\fs-self-train\Debug\link.4652.write.1.tlog
C:\Etti\Uni\UIR\3 - Flickr\Apps\FlickStat\fs-self-train\Debug\link.4652-cvtres.read.1.tlog
C:\Etti\Uni\UIR\3 - Flickr\Apps\FlickStat\fs-self-train\Debug\link.4652-cvtres.write.1.tlog
C:\Etti\Uni\UIR\3 - Flickr\Apps\FlickStat\fs-self-train\Debug\link.9192.read.1.tlog
C:\Etti\Uni\UIR\3 - Flickr\Apps\FlickStat\fs-self-train\Debug\link.9192.write.1.tlog
C:\Etti\Uni\UIR\3 - Flickr\Apps\FlickStat\fs-self-train\Debug\link.9192-cvtres.read.1.tlog
C:\Etti\Uni\UIR\3 - Flickr\Apps\FlickStat\fs-self-train\Debug\link.9192-cvtres.write.1.tlog
C:\Etti\Uni\UIR\3 - Flickr\Apps\FlickStat\fs-self-train\Debug\link.9604.read.1.tlog
C:\Etti\Uni\UIR\3 - Flickr\Apps\FlickStat\fs-self-train\Debug\link.9604.write.1.tlog
C:\Etti\Uni\UIR\3 - Flickr\Apps\FlickStat\fs-self-train\Debug\link.9604-cvtres.read.1.tlog
C:\Etti\Uni\UIR\3 - Flickr\Apps\FlickStat\fs-self-train\Debug\link.9604-cvtres.write.1.tlog
C:\Etti\Uni\UIR\3 - Flickr\Apps\FlickStat\fs-self-train\Debug\link.command.1.tlog
C:\Etti\Uni\UIR\3 - Flickr\Apps\FlickStat\fs-self-train\Debug\link.read.1.tlog
C:\Etti\Uni\UIR\3 - Flickr\Apps\FlickStat\fs-self-train\Debug\link.write.1.tlog
C:\Etti\Uni\UIR\3 - Flickr\Apps\FlickStat\fs-self-train\Debug\link-cvtres.read.1.tlog
C:\Etti\Uni\UIR\3 - Flickr\Apps\FlickStat\fs-self-train\Debug\link-cvtres.write.1.tlog
C:\Etti\Uni\UIR\3 - Flickr\Apps\FlickStat\fs-self-train\Debug\mt.command.1.tlog
C:\Etti\Uni\UIR\3 - Flickr\Apps\FlickStat\fs-self-train\Debug\mt.read.1.tlog
C:\Etti\Uni\UIR\3 - Flickr\Apps\FlickStat\fs-self-train\Debug\mt.write.1.tlog
C:\Etti\Uni\UIR\3 - Flickr\Apps\FlickStat\fs-self-train\Debug\rc.command.1.tlog
C:\Etti\Uni\UIR\3 - Flickr\Apps\FlickStat\fs-self-train\Debug\rc.read.1.tlog
C:\Etti\Uni\UIR\3 - Flickr\Apps\FlickStat\fs-self-train\Debug\rc.write.1.tlog
C:\ETTI\UNI\UIR\3 - FLICKR\APPS\FLICKSTAT\FS-SELF-TRAIN\DEBUG\STDAFX.OBJ
C:\Etti\Uni\UIR\3 - Flickr\Apps\FlickStat\fs-self-train\Debug\vc100.idb
C:\ETTI\UNI\UIR\3 - FLICKR\APPS\FLICKSTAT\FS-SELF-TRAIN\DEBUG\VC100.PDB
